<?xml version="1.0"?>
<!DOCTYPE coverage SYSTEM "http://cobertura.sourceforge.net/xml/coverage-04.dtd">
<coverage line-rate="0.72" lines-covered="156" lines-valid="112" branches-covered="11" branches-valid="7" branch-rate="0.64" complexity="0" version="1.0" timestamp="1424341315650">
      <sources>
        <source>/src/main/scala</source>
      </sources>
      <packages>
        <package name="com.knol.core.impl" line-rate="0.70" branch-rate="0.60" complexity="0">
      <classes>
        <class name="KnolRepoImpl" filename="src/main/scala/com/knol/core/impl/KnolRepoImpl.scala" line-rate="0.65" branch-rate="0.50" complexity="0">
      <methods>
        <method name="com.knol.core.impl/KnolRepoImpl/getAllKnolders" signature="()V" line-rate="0.48" branch-rate="0.50">
      <lines>
        <line number="89" hits="1" branch="false"/><line number="91" hits="0" branch="false"/><line number="97" hits="0" branch="false"/><line number="85" hits="1" branch="false"/><line number="91" hits="0" branch="false"/><line number="88" hits="1" branch="false"/><line number="93" hits="0" branch="false"/><line number="92" hits="0" branch="false"/><line number="89" hits="0" branch="false"/><line number="90" hits="0" branch="false"/><line number="91" hits="0" branch="false"/><line number="95" hits="1" branch="false"/><line number="84" hits="1" branch="false"/><line number="87" hits="1" branch="false"/><line number="92" hits="0" branch="false"/><line number="86" hits="1" branch="false"/><line number="89" hits="0" branch="false"/><line number="89" hits="1" branch="false"/><line number="91" hits="0" branch="false"/><line number="89" hits="1" branch="false"/><line number="81" hits="1" branch="false"/>
      </lines>
    </method><method name="com.knol.core.impl/KnolRepoImpl/delete" signature="()V" line-rate="0.86" branch-rate="1.00">
      <lines>
        <line number="114" hits="1" branch="false"/><line number="113" hits="1" branch="false"/><line number="112" hits="1" branch="false"/><line number="113" hits="1" branch="false"/><line number="116" hits="0" branch="false"/><line number="109" hits="1" branch="false"/><line number="113" hits="1" branch="false"/>
      </lines>
    </method><method name="com.knol.core.impl/KnolRepoImpl/getKnolder" signature="()V" line-rate="0.56" branch-rate="0.50">
      <lines>
        <line number="68" hits="0" branch="false"/><line number="72" hits="0" branch="false"/><line number="61" hits="1" branch="false"/><line number="68" hits="0" branch="false"/><line number="67" hits="1" branch="false"/><line number="66" hits="1" branch="false"/><line number="67" hits="1" branch="false"/><line number="70" hits="1" branch="false"/><line number="68" hits="0" branch="false"/><line number="65" hits="1" branch="false"/><line number="67" hits="0" branch="false"/><line number="68" hits="0" branch="false"/><line number="64" hits="1" branch="false"/><line number="66" hits="1" branch="false"/><line number="67" hits="1" branch="false"/><line number="68" hits="0" branch="false"/>
      </lines>
    </method><method name="com.knol.core.impl/KnolRepoImpl/create" signature="()V" line-rate="0.86" branch-rate="1.00">
      <lines>
        <line number="27" hits="1" branch="false"/><line number="26" hits="1" branch="false"/><line number="25" hits="1" branch="false"/><line number="26" hits="1" branch="false"/><line number="29" hits="0" branch="false"/><line number="22" hits="1" branch="false"/><line number="26" hits="1" branch="false"/>
      </lines>
    </method><method name="com.knol.core.impl/KnolRepoImpl/update" signature="()V" line-rate="0.86" branch-rate="1.00">
      <lines>
        <line number="44" hits="1" branch="false"/><line number="45" hits="1" branch="false"/><line number="45" hits="1" branch="false"/><line number="48" hits="0" branch="false"/><line number="41" hits="1" branch="false"/><line number="45" hits="1" branch="false"/><line number="46" hits="1" branch="false"/>
      </lines>
    </method><method name="com.knol.core.impl/KnolRepoImpl/&lt;none&gt;" signature="()V" line-rate="1.00" branch-rate="1.00">
      <lines>
        <line number="12" hits="1" branch="false"/><line number="12" hits="1" branch="false"/>
      </lines>
    </method>
      </methods>
      <lines>
        <line number="68" hits="0" branch="false"/><line number="89" hits="1" branch="false"/><line number="114" hits="1" branch="false"/><line number="91" hits="0" branch="false"/><line number="72" hits="0" branch="false"/><line number="97" hits="0" branch="false"/><line number="85" hits="1" branch="false"/><line number="61" hits="1" branch="false"/><line number="27" hits="1" branch="false"/><line number="91" hits="0" branch="false"/><line number="68" hits="0" branch="false"/><line number="44" hits="1" branch="false"/><line number="113" hits="1" branch="false"/><line number="67" hits="1" branch="false"/><line number="88" hits="1" branch="false"/><line number="93" hits="0" branch="false"/><line number="66" hits="1" branch="false"/><line number="12" hits="1" branch="false"/><line number="26" hits="1" branch="false"/><line number="45" hits="1" branch="false"/><line number="92" hits="0" branch="false"/><line number="112" hits="1" branch="false"/><line number="113" hits="1" branch="false"/><line number="89" hits="0" branch="false"/><line number="90" hits="0" branch="false"/><line number="45" hits="1" branch="false"/><line number="25" hits="1" branch="false"/><line number="67" hits="1" branch="false"/><line number="70" hits="1" branch="false"/><line number="48" hits="0" branch="false"/><line number="26" hits="1" branch="false"/><line number="91" hits="0" branch="false"/><line number="95" hits="1" branch="false"/><line number="68" hits="0" branch="false"/><line number="84" hits="1" branch="false"/><line number="41" hits="1" branch="false"/><line number="87" hits="1" branch="false"/><line number="12" hits="1" branch="false"/><line number="65" hits="1" branch="false"/><line number="67" hits="0" branch="false"/><line number="116" hits="0" branch="false"/><line number="109" hits="1" branch="false"/><line number="92" hits="0" branch="false"/><line number="68" hits="0" branch="false"/><line number="86" hits="1" branch="false"/><line number="64" hits="1" branch="false"/><line number="29" hits="0" branch="false"/><line number="113" hits="1" branch="false"/><line number="66" hits="1" branch="false"/><line number="89" hits="0" branch="false"/><line number="22" hits="1" branch="false"/><line number="45" hits="1" branch="false"/><line number="67" hits="1" branch="false"/><line number="89" hits="1" branch="false"/><line number="46" hits="1" branch="false"/><line number="91" hits="0" branch="false"/><line number="89" hits="1" branch="false"/><line number="68" hits="0" branch="false"/><line number="81" hits="1" branch="false"/><line number="26" hits="1" branch="false"/>
      </lines>
    </class><class name="KnolSessionImpl" filename="src/main/scala/com/knol/core/impl/KnolSessionImpl.scala" line-rate="0.74" branch-rate="0.67" complexity="0">
      <methods>
        <method name="com.knol.core.impl/KnolSessionImpl/create" signature="()V" line-rate="0.86" branch-rate="1.00">
      <lines>
        <line number="29" hits="1" branch="false"/><line number="28" hits="1" branch="false"/><line number="27" hits="1" branch="false"/><line number="28" hits="1" branch="false"/><line number="31" hits="0" branch="false"/><line number="24" hits="1" branch="false"/><line number="28" hits="1" branch="false"/>
      </lines>
    </method><method name="com.knol.core.impl/KnolSessionImpl/getAllSessions" signature="()V" line-rate="0.48" branch-rate="0.50">
      <lines>
        <line number="93" hits="0" branch="false"/><line number="91" hits="1" branch="false"/><line number="87" hits="1" branch="false"/><line number="93" hits="0" branch="false"/><line number="99" hits="0" branch="false"/><line number="90" hits="1" branch="false"/><line number="95" hits="0" branch="false"/><line number="94" hits="0" branch="false"/><line number="92" hits="0" branch="false"/><line number="91" hits="0" branch="false"/><line number="86" hits="1" branch="false"/><line number="93" hits="0" branch="false"/><line number="97" hits="1" branch="false"/><line number="89" hits="1" branch="false"/><line number="88" hits="1" branch="false"/><line number="94" hits="0" branch="false"/><line number="91" hits="1" branch="false"/><line number="91" hits="0" branch="false"/><line number="83" hits="1" branch="false"/><line number="93" hits="0" branch="false"/><line number="91" hits="1" branch="false"/>
      </lines>
    </method><method name="com.knol.core.impl/KnolSessionImpl/update" signature="()V" line-rate="0.86" branch-rate="1.00">
      <lines>
        <line number="46" hits="1" branch="false"/><line number="47" hits="1" branch="false"/><line number="47" hits="1" branch="false"/><line number="50" hits="0" branch="false"/><line number="43" hits="1" branch="false"/><line number="47" hits="1" branch="false"/><line number="48" hits="1" branch="false"/>
      </lines>
    </method><method name="com.knol.core.impl/KnolSessionImpl/getSession" signature="()V" line-rate="0.56" branch-rate="0.50">
      <lines>
        <line number="74" hits="0" branch="false"/><line number="70" hits="0" branch="false"/><line number="63" hits="1" branch="false"/><line number="70" hits="0" branch="false"/><line number="69" hits="1" branch="false"/><line number="68" hits="1" branch="false"/><line number="69" hits="1" branch="false"/><line number="72" hits="1" branch="false"/><line number="70" hits="0" branch="false"/><line number="67" hits="1" branch="false"/><line number="69" hits="0" branch="false"/><line number="70" hits="0" branch="false"/><line number="66" hits="1" branch="false"/><line number="69" hits="1" branch="false"/><line number="68" hits="1" branch="false"/><line number="70" hits="0" branch="false"/>
      </lines>
    </method><method name="com.knol.core.impl/KnolSessionImpl/delete" signature="()V" line-rate="0.86" branch-rate="1.00">
      <lines>
        <line number="143" hits="1" branch="false"/><line number="143" hits="1" branch="false"/><line number="142" hits="1" branch="false"/><line number="139" hits="1" branch="false"/><line number="143" hits="1" branch="false"/><line number="146" hits="0" branch="false"/><line number="144" hits="1" branch="false"/>
      </lines>
    </method><method name="com.knol.core.impl/KnolSessionImpl/getSessionsById" signature="()V" line-rate="0.96" branch-rate="1.00">
      <lines>
        <line number="127" hits="0" branch="false"/><line number="117" hits="1" branch="false"/><line number="121" hits="1" branch="false"/><line number="123" hits="1" branch="false"/><line number="120" hits="1" branch="false"/><line number="119" hits="1" branch="false"/><line number="121" hits="1" branch="false"/><line number="115" hits="1" branch="false"/><line number="121" hits="1" branch="false"/><line number="119" hits="1" branch="false"/><line number="114" hits="1" branch="false"/><line number="121" hits="1" branch="false"/><line number="117" hits="1" branch="false"/><line number="125" hits="1" branch="false"/><line number="122" hits="1" branch="false"/><line number="119" hits="1" branch="false"/><line number="122" hits="1" branch="false"/><line number="118" hits="1" branch="false"/><line number="119" hits="1" branch="false"/><line number="111" hits="1" branch="false"/><line number="121" hits="1" branch="false"/><line number="121" hits="1" branch="false"/><line number="119" hits="1" branch="false"/><line number="116" hits="1" branch="false"/>
      </lines>
    </method><method name="com.knol.core.impl/KnolSessionImpl/&lt;none&gt;" signature="()V" line-rate="1.00" branch-rate="1.00">
      <lines>
        <line number="14" hits="1" branch="false"/><line number="14" hits="1" branch="false"/>
      </lines>
    </method>
      </methods>
      <lines>
        <line number="127" hits="0" branch="false"/><line number="74" hits="0" branch="false"/><line number="93" hits="0" branch="false"/><line number="70" hits="0" branch="false"/><line number="91" hits="1" branch="false"/><line number="117" hits="1" branch="false"/><line number="121" hits="1" branch="false"/><line number="87" hits="1" branch="false"/><line number="93" hits="0" branch="false"/><line number="123" hits="1" branch="false"/><line number="120" hits="1" branch="false"/><line number="63" hits="1" branch="false"/><line number="70" hits="0" branch="false"/><line number="143" hits="1" branch="false"/><line number="99" hits="0" branch="false"/><line number="29" hits="1" branch="false"/><line number="14" hits="1" branch="false"/><line number="119" hits="1" branch="false"/><line number="121" hits="1" branch="false"/><line number="69" hits="1" branch="false"/><line number="68" hits="1" branch="false"/><line number="115" hits="1" branch="false"/><line number="46" hits="1" branch="false"/><line number="90" hits="1" branch="false"/><line number="95" hits="0" branch="false"/><line number="47" hits="1" branch="false"/><line number="28" hits="1" branch="false"/><line number="143" hits="1" branch="false"/><line number="121" hits="1" branch="false"/><line number="119" hits="1" branch="false"/><line number="94" hits="0" branch="false"/><line number="114" hits="1" branch="false"/><line number="121" hits="1" branch="false"/><line number="117" hits="1" branch="false"/><line number="125" hits="1" branch="false"/><line number="92" hits="0" branch="false"/><line number="91" hits="0" branch="false"/><line number="69" hits="1" branch="false"/><line number="72" hits="1" branch="false"/><line number="27" hits="1" branch="false"/><line number="47" hits="1" branch="false"/><line number="28" hits="1" branch="false"/><line number="70" hits="0" branch="false"/><line number="86" hits="1" branch="false"/><line number="142" hits="1" branch="false"/><line number="122" hits="1" branch="false"/><line number="119" hits="1" branch="false"/><line number="93" hits="0" branch="false"/><line number="50" hits="0" branch="false"/><line number="97" hits="1" branch="false"/><line number="89" hits="1" branch="false"/><line number="67" hits="1" branch="false"/><line number="69" hits="0" branch="false"/><line number="43" hits="1" branch="false"/><line number="14" hits="1" branch="false"/><line number="122" hits="1" branch="false"/><line number="139" hits="1" branch="false"/><line number="118" hits="1" branch="false"/><line number="70" hits="0" branch="false"/><line number="88" hits="1" branch="false"/><line number="119" hits="1" branch="false"/><line number="143" hits="1" branch="false"/><line number="94" hits="0" branch="false"/><line number="111" hits="1" branch="false"/><line number="121" hits="1" branch="false"/><line number="66" hits="1" branch="false"/><line number="31" hits="0" branch="false"/><line number="69" hits="1" branch="false"/><line number="24" hits="1" branch="false"/><line number="91" hits="1" branch="false"/><line number="68" hits="1" branch="false"/><line number="47" hits="1" branch="false"/><line number="146" hits="0" branch="false"/><line number="121" hits="1" branch="false"/><line number="91" hits="0" branch="false"/><line number="119" hits="1" branch="false"/><line number="116" hits="1" branch="false"/><line number="70" hits="0" branch="false"/><line number="83" hits="1" branch="false"/><line number="93" hits="0" branch="false"/><line number="48" hits="1" branch="false"/><line number="91" hits="1" branch="false"/><line number="28" hits="1" branch="false"/><line number="144" hits="1" branch="false"/>
      </lines>
    </class>
      </classes>
    </package><package name="com.knol.db.connection" line-rate="0.92" branch-rate="1.00" complexity="0">
      <classes>
        <class name="DbConnection" filename="src/main/scala/com/knol/db/connection/DbConnection.scala" line-rate="0.92" branch-rate="1.00" complexity="0">
      <methods>
        <method name="com.knol.db.connection/DbConnection/&lt;none&gt;" signature="()V" line-rate="1.00" branch-rate="1.00">
      <lines>
        <line number="8" hits="1" branch="false"/><line number="7" hits="1" branch="false"/><line number="10" hits="1" branch="false"/><line number="9" hits="1" branch="false"/>
      </lines>
    </method><method name="com.knol.db.connection/DbConnection/getConnection" signature="()V" line-rate="0.88" branch-rate="1.00">
      <lines>
        <line number="20" hits="1" branch="false"/><line number="21" hits="1" branch="false"/><line number="22" hits="1" branch="false"/><line number="23" hits="1" branch="false"/><line number="28" hits="0" branch="false"/><line number="22" hits="1" branch="false"/><line number="22" hits="1" branch="false"/><line number="22" hits="1" branch="false"/>
      </lines>
    </method>
      </methods>
      <lines>
        <line number="8" hits="1" branch="false"/><line number="20" hits="1" branch="false"/><line number="21" hits="1" branch="false"/><line number="22" hits="1" branch="false"/><line number="7" hits="1" branch="false"/><line number="23" hits="1" branch="false"/><line number="10" hits="1" branch="false"/><line number="9" hits="1" branch="false"/><line number="28" hits="0" branch="false"/><line number="22" hits="1" branch="false"/><line number="22" hits="1" branch="false"/><line number="22" hits="1" branch="false"/>
      </lines>
    </class>
      </classes>
    </package>
      </packages>
    </coverage>